2025-11-29 17:30:41,309 [Worker-129: Launching New_configuration (3)] INFO  o.a.m.s.f.DefaultMavenResourcesFiltering - skip non existing resourceDirectory E:\Selenium\BDDFramework_regTest\src\main\resources
2025-11-29 17:30:41,316 [Worker-129: Launching New_configuration (3)] INFO  o.a.m.s.f.DefaultMavenResourcesFiltering - skip non existing resourceDirectory E:\Selenium\BDDFramework_regTest\src\test\resources
2025-11-29 18:51:44,246 [Worker-152: Updating Maven Project] INFO  o.e.m.c.i.p.ProjectConfigurationManager - Update started
2025-11-29 18:51:44,350 [Worker-152: Updating Maven Project] INFO  o.e.m.c.i.l.LifecycleMappingFactory - Using org.eclipse.m2e.jdt.JarLifecycleMapping lifecycle mapping for MavenProject: 1234:BDDFramework_regTest:0.0.1-SNAPSHOT @ E:\Selenium\BDDFramework_regTest\pom.xml.
2025-11-29 18:51:45,136 [Worker-152: Updating Maven Project] INFO  o.e.m.j.i.AbstractJavaProjectConfigurator - Adding source folder /BDDFramework_regTest/src/main/java
2025-11-29 18:51:45,136 [Worker-152: Updating Maven Project] INFO  o.e.m.j.i.AbstractJavaProjectConfigurator - Adding resource folder /BDDFramework_regTest/src/main/resources
2025-11-29 18:51:45,137 [Worker-152: Updating Maven Project] INFO  o.e.m.j.i.AbstractJavaProjectConfigurator - Adding source folder /BDDFramework_regTest/src/test/java
2025-11-29 18:51:45,137 [Worker-152: Updating Maven Project] INFO  o.e.m.j.i.AbstractJavaProjectConfigurator - Adding resource folder /BDDFramework_regTest/src/test/resources
2025-11-29 18:51:45,283 [Worker-152: Updating Maven Project] INFO  o.e.m.jdt.internal.UnitTestSupport - Reset launch configuration name: TestNgRunner
2025-11-29 18:51:45,284 [Worker-152: Updating Maven Project] INFO  o.e.m.jdt.internal.UnitTestSupport - Updating TestNgRunner from maven configuration
2025-11-29 18:51:45,475 [Worker-152: Updating Maven Project] INFO  o.e.m.c.i.p.ProjectConfigurationManager - Update completed for 1 poms: local refresh takes 0.00 sec, refresh facades takes 0.00 sec, update config takes 0.00 sec 
2025-11-29 18:59:23,023 [main] INFO  o.e.m.jdt.internal.UnitTestSupport - Updating TestRunner from maven configuration
2025-11-29 18:59:23,497 [Worker-163: Launching TestRunner] INFO  o.e.m.c.i.l.LifecycleMappingFactory - Using org.eclipse.m2e.jdt.JarLifecycleMapping lifecycle mapping for MavenProject: 1234:BDDFramework_regTest:0.0.1-SNAPSHOT @ E:\Selenium\BDDFramework_regTest\pom.xml.
2025-11-29 18:59:24,587 [Worker-163: Launching TestRunner] INFO  o.a.m.s.f.DefaultMavenResourcesFiltering - skip non existing resourceDirectory E:\Selenium\BDDFramework_regTest\src\main\resources
2025-11-29 18:59:24,592 [Worker-163: Launching TestRunner] INFO  o.a.m.s.f.DefaultMavenResourcesFiltering - skip non existing resourceDirectory E:\Selenium\BDDFramework_regTest\src\test\resources
2025-11-29 18:59:25,558 [Worker-163: Launching TestRunner] INFO  o.e.m.c.i.e.AbstractTransferListenerAdapter - Downloading https://repo.maven.apache.org/maven2/org/junit/platform/junit-platform-launcher/1.11.0/junit-platform-launcher-1.11.0.jar
2025-11-29 18:59:25,863 [Worker-163: Launching TestRunner] INFO  o.e.m.c.i.e.AbstractTransferListenerAdapter - Downloaded https://repo.maven.apache.org/maven2/org/junit/platform/junit-platform-launcher/1.11.0/junit-platform-launcher-1.11.0.jar
2025-11-29 18:59:25,974 [Worker-163: Launching TestRunner] INFO  o.e.m.c.i.e.AbstractTransferListenerAdapter - Downloading https://repo.maven.apache.org/maven2/org/junit/platform/junit-platform-engine/1.11.0/junit-platform-engine-1.11.0.jar
2025-11-29 18:59:26,204 [Worker-163: Launching TestRunner] INFO  o.e.m.c.i.e.AbstractTransferListenerAdapter - Downloaded https://repo.maven.apache.org/maven2/org/junit/platform/junit-platform-engine/1.11.0/junit-platform-engine-1.11.0.jar
2025-11-29 18:59:26,247 [Worker-163: Launching TestRunner] INFO  o.e.m.c.i.e.AbstractTransferListenerAdapter - Downloading https://repo.maven.apache.org/maven2/org/junit/jupiter/junit-jupiter-engine/5.11.0/junit-jupiter-engine-5.11.0.jar
2025-11-29 18:59:26,529 [Worker-163: Launching TestRunner] INFO  o.e.m.c.i.e.AbstractTransferListenerAdapter - Downloaded https://repo.maven.apache.org/maven2/org/junit/jupiter/junit-jupiter-engine/5.11.0/junit-jupiter-engine-5.11.0.jar
2025-11-29 19:00:24,565 [Worker-166: Launching TestRunner] INFO  o.a.m.s.f.DefaultMavenResourcesFiltering - skip non existing resourceDirectory E:\Selenium\BDDFramework_regTest\src\main\resources
2025-11-29 19:00:24,569 [Worker-166: Launching TestRunner] INFO  o.a.m.s.f.DefaultMavenResourcesFiltering - skip non existing resourceDirectory E:\Selenium\BDDFramework_regTest\src\test\resources
2025-11-29 20:20:35,043 [Worker-177: Launching TestRunner] INFO  o.a.m.s.f.DefaultMavenResourcesFiltering - skip non existing resourceDirectory E:\Selenium\BDDFramework_regTest\src\main\resources
2025-11-29 20:20:35,048 [Worker-177: Launching TestRunner] INFO  o.a.m.s.f.DefaultMavenResourcesFiltering - skip non existing resourceDirectory E:\Selenium\BDDFramework_regTest\src\test\resources
2025-11-29 20:27:35,510 [Worker-184: Launching New_configuration (3)] INFO  o.a.m.s.f.DefaultMavenResourcesFiltering - skip non existing resourceDirectory E:\Selenium\BDDFramework_regTest\src\main\resources
2025-11-29 20:27:35,514 [Worker-184: Launching New_configuration (3)] INFO  o.a.m.s.f.DefaultMavenResourcesFiltering - skip non existing resourceDirectory E:\Selenium\BDDFramework_regTest\src\test\resources
2025-11-29 20:34:23,269 [main] INFO  o.e.m.jdt.internal.UnitTestSupport - Updating TestRunner (1) from maven configuration
2025-11-29 20:34:23,601 [Worker-191: Launching TestRunner (1)] INFO  o.a.m.s.f.DefaultMavenResourcesFiltering - skip non existing resourceDirectory E:\Selenium\BDDFramework_regTest\src\main\resources
2025-11-29 20:34:23,605 [Worker-191: Launching TestRunner (1)] INFO  o.a.m.s.f.DefaultMavenResourcesFiltering - skip non existing resourceDirectory E:\Selenium\BDDFramework_regTest\src\test\resources
2025-11-29 20:35:50,325 [Worker-182: Launching New_configuration (3)] INFO  o.a.m.s.f.DefaultMavenResourcesFiltering - skip non existing resourceDirectory E:\Selenium\BDDFramework_regTest\src\main\resources
2025-11-29 20:35:50,326 [Worker-182: Launching New_configuration (3)] INFO  o.a.m.s.f.DefaultMavenResourcesFiltering - skip non existing resourceDirectory E:\Selenium\BDDFramework_regTest\src\test\resources
2025-11-30 11:17:38,326 [Worker-204: Launching TestRunner (1)] INFO  o.a.m.s.f.DefaultMavenResourcesFiltering - skip non existing resourceDirectory E:\Selenium\BDDFramework_regTest\src\main\resources
2025-11-30 11:17:38,329 [Worker-204: Launching TestRunner (1)] INFO  o.a.m.s.f.DefaultMavenResourcesFiltering - skip non existing resourceDirectory E:\Selenium\BDDFramework_regTest\src\test\resources
2025-11-30 11:24:28,983 [Worker-210: Launching TestNgRunner] INFO  o.e.m.c.i.l.LifecycleMappingFactory - Using org.eclipse.m2e.jdt.JarLifecycleMapping lifecycle mapping for MavenProject: 1234:BDDFramework_regTest:0.0.1-SNAPSHOT @ E:\Selenium\BDDFramework_regTest\pom.xml.
2025-11-30 11:24:29,534 [Worker-210: Launching TestNgRunner] INFO  o.e.m.c.i.e.AbstractTransferListenerAdapter - Downloading https://repo.maven.apache.org/maven2/io/cucumber/messages/maven-metadata.xml
2025-11-30 11:24:29,543 [Worker-210: Launching TestNgRunner] INFO  o.e.m.c.i.e.AbstractTransferListenerAdapter - Downloaded https://repo.maven.apache.org/maven2/io/cucumber/messages/maven-metadata.xml
2025-11-30 11:24:29,727 [Worker-210: Launching TestNgRunner] INFO  o.e.m.c.i.e.AbstractTransferListenerAdapter - Downloading https://repo.maven.apache.org/maven2/io/cucumber/query/maven-metadata.xml
2025-11-30 11:24:29,737 [Worker-210: Launching TestNgRunner] INFO  o.e.m.c.i.e.AbstractTransferListenerAdapter - Downloaded https://repo.maven.apache.org/maven2/io/cucumber/query/maven-metadata.xml
2025-11-30 11:24:30,573 [Worker-210: Launching TestNgRunner] INFO  o.a.m.s.f.DefaultMavenResourcesFiltering - skip non existing resourceDirectory E:\Selenium\BDDFramework_regTest\src\main\resources
2025-11-30 11:24:30,577 [Worker-210: Launching TestNgRunner] INFO  o.a.m.s.f.DefaultMavenResourcesFiltering - skip non existing resourceDirectory E:\Selenium\BDDFramework_regTest\src\test\resources
2025-11-30 11:25:48,699 [Worker-203: Launching TestNgRunner] INFO  o.a.m.s.f.DefaultMavenResourcesFiltering - skip non existing resourceDirectory E:\Selenium\BDDFramework_regTest\src\main\resources
2025-11-30 11:25:48,703 [Worker-203: Launching TestNgRunner] INFO  o.a.m.s.f.DefaultMavenResourcesFiltering - skip non existing resourceDirectory E:\Selenium\BDDFramework_regTest\src\test\resources
2025-11-30 11:43:01,526 [Worker-215: Cleaning all projects] INFO  o.e.m.c.i.l.LifecycleMappingFactory - Using org.eclipse.m2e.jdt.JarLifecycleMapping lifecycle mapping for MavenProject: Enh:Annotations:0.0.1-SNAPSHOT @ E:\Selenium\Anotations\pom.xml.
2025-11-30 11:43:02,382 [Worker-215: Cleaning all projects] INFO  o.e.m.c.i.p.WorkspaceClassifierResolverManager - Resolving P/OrderModule: enh:OrderModule:0.0.1-SNAPSHOT with classifier  to /OrderModule/target/classes
2025-11-30 11:43:04,155 [Worker-208: Building Workspace] INFO  o.a.m.s.f.DefaultMavenResourcesFiltering - skip non existing resourceDirectory E:\Selenium\BDDFramework_regTest\src\main\resources
2025-11-30 11:43:04,163 [Worker-208: Building Workspace] INFO  o.a.m.s.f.DefaultMavenResourcesFiltering - skip non existing resourceDirectory E:\Selenium\BDDFramework_regTest\src\test\resources
2025-11-30 11:43:27,185 [Worker-208: Building Workspace] INFO  o.e.m.c.i.embedder.EclipseLogger - Using 'UTF-8' encoding to copy filtered resources.
2025-11-30 11:43:27,186 [Worker-208: Building Workspace] INFO  o.e.m.c.i.embedder.EclipseLogger - skip non existing resourceDirectory E:\Selenium\FrameworkScratchBatch2\src\main\resources
2025-11-30 11:43:27,198 [Worker-208: Building Workspace] INFO  o.e.m.c.i.embedder.EclipseLogger - Using 'UTF-8' encoding to copy filtered resources.
2025-11-30 11:43:27,198 [Worker-208: Building Workspace] INFO  o.e.m.c.i.embedder.EclipseLogger - skip non existing resourceDirectory E:\Selenium\FrameworkScratchBatch2\src\test\resources
2025-11-30 11:43:40,132 [Worker-208: Building Workspace] WARN  o.a.m.s.f.DefaultMavenResourcesFiltering - Using platform encoding (UTF-8 actually) to copy filtered resources, i.e. build is platform dependent!
2025-11-30 11:43:40,138 [Worker-208: Building Workspace] INFO  o.a.m.s.f.DefaultMavenResourcesFiltering - Copying 0 resource from src\main\resources to target\classes
2025-11-30 11:43:40,147 [Worker-208: Building Workspace] WARN  o.a.m.s.f.DefaultMavenResourcesFiltering - Using platform encoding (UTF-8 actually) to copy filtered resources, i.e. build is platform dependent!
2025-11-30 11:43:40,150 [Worker-208: Building Workspace] INFO  o.a.m.s.f.DefaultMavenResourcesFiltering - Copying 1 resource from src\test\resources to target\test-classes
2025-11-30 11:43:48,067 [Worker-208: Building Workspace] WARN  o.a.m.s.f.DefaultMavenResourcesFiltering - Using platform encoding (UTF-8 actually) to copy filtered resources, i.e. build is platform dependent!
2025-11-30 11:43:48,069 [Worker-208: Building Workspace] INFO  o.a.m.s.f.DefaultMavenResourcesFiltering - Copying 0 resource from src\main\resources to target\classes
2025-11-30 11:43:48,074 [Worker-208: Building Workspace] WARN  o.a.m.s.f.DefaultMavenResourcesFiltering - Using platform encoding (UTF-8 actually) to copy filtered resources, i.e. build is platform dependent!
2025-11-30 11:43:48,076 [Worker-208: Building Workspace] INFO  o.a.m.s.f.DefaultMavenResourcesFiltering - Copying 2 resources from src\test\resources to target\test-classes
2025-11-30 11:43:48,219 [Worker-208: Building Workspace] WARN  o.a.m.s.f.DefaultMavenResourcesFiltering - Using platform encoding (UTF-8 actually) to copy filtered resources, i.e. build is platform dependent!
2025-11-30 11:43:48,221 [Worker-208: Building Workspace] INFO  o.a.m.s.f.DefaultMavenResourcesFiltering - Copying 0 resource from src\main\resources to target\classes
2025-11-30 11:43:48,226 [Worker-208: Building Workspace] WARN  o.a.m.s.f.DefaultMavenResourcesFiltering - Using platform encoding (UTF-8 actually) to copy filtered resources, i.e. build is platform dependent!
2025-11-30 11:43:48,227 [Worker-208: Building Workspace] INFO  o.a.m.s.f.DefaultMavenResourcesFiltering - Copying 0 resource from src\test\resources to target\test-classes
2025-11-30 11:51:43,149 [Worker-223: Updating Maven Project] INFO  o.e.m.c.i.p.ProjectConfigurationManager - Update started
2025-11-30 11:51:44,020 [Worker-223: Updating Maven Project] INFO  o.e.m.c.i.e.AbstractTransferListenerAdapter - Downloading https://repo.maven.apache.org/maven2/io/cucumber/messages/maven-metadata.xml
2025-11-30 11:51:44,036 [Worker-223: Updating Maven Project] INFO  o.e.m.c.i.e.AbstractTransferListenerAdapter - Downloaded https://repo.maven.apache.org/maven2/io/cucumber/messages/maven-metadata.xml
2025-11-30 11:51:44,882 [Worker-223: Updating Maven Project] INFO  o.e.m.c.i.e.AbstractTransferListenerAdapter - Downloading https://repo.maven.apache.org/maven2/io/cucumber/query/maven-metadata.xml
2025-11-30 11:51:44,896 [Worker-223: Updating Maven Project] INFO  o.e.m.c.i.e.AbstractTransferListenerAdapter - Downloaded https://repo.maven.apache.org/maven2/io/cucumber/query/maven-metadata.xml
2025-11-30 11:51:45,253 [Worker-223: Updating Maven Project] INFO  o.e.m.c.i.e.AbstractTransferListenerAdapter - Downloading https://repo.maven.apache.org/maven2/io/cucumber/cucumber-junit/7.20.1/cucumber-junit-7.20.1.pom
2025-11-30 11:51:45,266 [Worker-223: Updating Maven Project] INFO  o.e.m.c.i.e.AbstractTransferListenerAdapter - Downloaded https://repo.maven.apache.org/maven2/io/cucumber/cucumber-junit/7.20.1/cucumber-junit-7.20.1.pom
2025-11-30 11:51:45,756 [Worker-223: Updating Maven Project] INFO  o.e.m.c.i.e.AbstractTransferListenerAdapter - Downloading https://repo.maven.apache.org/maven2/io/cucumber/cucumber-junit/7.20.1/cucumber-junit-7.20.1.jar
2025-11-30 11:51:45,804 [Worker-223: Updating Maven Project] INFO  o.e.m.c.i.e.AbstractTransferListenerAdapter - Downloaded https://repo.maven.apache.org/maven2/io/cucumber/cucumber-junit/7.20.1/cucumber-junit-7.20.1.jar
2025-11-30 11:51:45,868 [Worker-223: Updating Maven Project] INFO  o.e.m.c.i.l.LifecycleMappingFactory - Using org.eclipse.m2e.jdt.JarLifecycleMapping lifecycle mapping for MavenProject: bdd:framework:1.0 @ E:\Selenium\BDDFramework_regTest\pom.xml.
2025-11-30 11:51:46,337 [Worker-223: Updating Maven Project] INFO  o.e.m.j.i.AbstractJavaProjectConfigurator - Adding source folder /BDDFramework_regTest/src/main/java
2025-11-30 11:51:46,339 [Worker-223: Updating Maven Project] INFO  o.e.m.j.i.AbstractJavaProjectConfigurator - Adding resource folder /BDDFramework_regTest/src/main/resources
2025-11-30 11:51:46,340 [Worker-223: Updating Maven Project] INFO  o.e.m.j.i.AbstractJavaProjectConfigurator - Adding source folder /BDDFramework_regTest/src/test/java
2025-11-30 11:51:46,341 [Worker-223: Updating Maven Project] INFO  o.e.m.j.i.AbstractJavaProjectConfigurator - Adding resource folder /BDDFramework_regTest/src/test/resources
2025-11-30 11:51:46,644 [Worker-223: Updating Maven Project] INFO  o.e.m.jdt.internal.UnitTestSupport - Reset launch configuration name: TestRunner
2025-11-30 11:51:46,645 [Worker-223: Updating Maven Project] INFO  o.e.m.jdt.internal.UnitTestSupport - Updating TestRunner from maven configuration
2025-11-30 11:51:47,320 [Worker-223: Updating Maven Project] INFO  o.e.m.jdt.internal.UnitTestSupport - Reset launch configuration name: TestRunner (1)
2025-11-30 11:51:47,320 [Worker-223: Updating Maven Project] INFO  o.e.m.jdt.internal.UnitTestSupport - Updating TestRunner (1) from maven configuration
2025-11-30 11:51:47,356 [Worker-223: Updating Maven Project] INFO  o.e.m.jdt.internal.UnitTestSupport - Reset launch configuration name: TestNgRunner
2025-11-30 11:51:47,356 [Worker-223: Updating Maven Project] INFO  o.e.m.jdt.internal.UnitTestSupport - Updating TestNgRunner from maven configuration
2025-11-30 11:51:47,457 [Worker-221: Download sources and javadoc] INFO  o.e.m.c.i.e.AbstractTransferListenerAdapter - Downloading https://repo.maven.apache.org/maven2/io/cucumber/cucumber-junit/7.20.1/cucumber-junit-7.20.1-sources.jar
2025-11-30 11:51:47,481 [Worker-223: Updating Maven Project] INFO  o.e.m.c.i.p.ProjectConfigurationManager - Update completed for 1 poms: local refresh takes 0.00 sec, refresh facades takes 3.00 sec, update config takes 1.00 sec 
2025-11-30 11:51:47,506 [Worker-221: Download sources and javadoc] INFO  o.e.m.c.i.e.AbstractTransferListenerAdapter - Downloaded https://repo.maven.apache.org/maven2/io/cucumber/cucumber-junit/7.20.1/cucumber-junit-7.20.1-sources.jar
2025-11-30 11:51:47,516 [Worker-221: Download sources and javadoc] INFO  o.e.m.j.internal.DownloadSourcesJob - Downloaded sources for io.cucumber:cucumber-junit:7.20.1
2025-11-30 11:52:29,532 [Worker-226: Launching TestRunner (1)] INFO  o.a.m.s.f.DefaultMavenResourcesFiltering - skip non existing resourceDirectory E:\Selenium\BDDFramework_regTest\src\main\resources
2025-11-30 11:52:29,541 [Worker-226: Launching TestRunner (1)] INFO  o.a.m.s.f.DefaultMavenResourcesFiltering - skip non existing resourceDirectory E:\Selenium\BDDFramework_regTest\src\test\resources
2025-11-30 11:59:55,389 [Worker-230: Updating Maven Project] INFO  o.e.m.c.i.p.ProjectConfigurationManager - Update started
2025-11-30 11:59:55,500 [Worker-230: Updating Maven Project] INFO  o.e.m.c.i.l.LifecycleMappingFactory - Using org.eclipse.m2e.jdt.JarLifecycleMapping lifecycle mapping for MavenProject: bdd:framework:1.0 @ E:\Selenium\BDDFramework_regTest\pom.xml.
2025-11-30 11:59:59,384 [Worker-230: Updating Maven Project] INFO  o.e.m.c.i.e.AbstractTransferListenerAdapter - Downloading https://repo.maven.apache.org/maven2/io/cucumber/messages/maven-metadata.xml
2025-11-30 11:59:59,401 [Worker-230: Updating Maven Project] INFO  o.e.m.c.i.e.AbstractTransferListenerAdapter - Downloaded https://repo.maven.apache.org/maven2/io/cucumber/messages/maven-metadata.xml
2025-11-30 11:59:59,910 [Worker-230: Updating Maven Project] INFO  o.e.m.c.i.e.AbstractTransferListenerAdapter - Downloading https://repo.maven.apache.org/maven2/io/cucumber/query/maven-metadata.xml
2025-11-30 11:59:59,918 [Worker-230: Updating Maven Project] INFO  o.e.m.c.i.e.AbstractTransferListenerAdapter - Downloaded https://repo.maven.apache.org/maven2/io/cucumber/query/maven-metadata.xml
2025-11-30 12:00:00,338 [Worker-230: Updating Maven Project] INFO  o.e.m.j.i.AbstractJavaProjectConfigurator - Adding source folder /BDDFramework_regTest/src/main/java
2025-11-30 12:00:00,339 [Worker-230: Updating Maven Project] INFO  o.e.m.j.i.AbstractJavaProjectConfigurator - Adding resource folder /BDDFramework_regTest/src/main/resources
2025-11-30 12:00:00,345 [Worker-230: Updating Maven Project] INFO  o.e.m.j.i.AbstractJavaProjectConfigurator - Adding source folder /BDDFramework_regTest/src/test/java
2025-11-30 12:00:00,346 [Worker-230: Updating Maven Project] INFO  o.e.m.j.i.AbstractJavaProjectConfigurator - Adding resource folder /BDDFramework_regTest/src/test/resources
2025-11-30 12:00:00,528 [Worker-230: Updating Maven Project] INFO  o.e.m.jdt.internal.UnitTestSupport - Reset launch configuration name: TestRunner
2025-11-30 12:00:00,529 [Worker-230: Updating Maven Project] INFO  o.e.m.jdt.internal.UnitTestSupport - Updating TestRunner from maven configuration
2025-11-30 12:00:00,538 [Worker-230: Updating Maven Project] INFO  o.e.m.jdt.internal.UnitTestSupport - Reset launch configuration name: TestRunner (1)
2025-11-30 12:00:00,538 [Worker-230: Updating Maven Project] INFO  o.e.m.jdt.internal.UnitTestSupport - Updating TestRunner (1) from maven configuration
2025-11-30 12:00:00,772 [Worker-230: Updating Maven Project] INFO  o.e.m.jdt.internal.UnitTestSupport - Reset launch configuration name: TestNgRunner
2025-11-30 12:00:00,772 [Worker-230: Updating Maven Project] INFO  o.e.m.jdt.internal.UnitTestSupport - Updating TestNgRunner from maven configuration
2025-11-30 12:00:00,895 [Worker-230: Updating Maven Project] INFO  o.e.m.c.i.p.ProjectConfigurationManager - Update completed for 1 poms: local refresh takes 0.00 sec, refresh facades takes 4.00 sec, update config takes 0.00 sec 
2025-11-30 12:08:19,908 [Worker-230: Cleaning all projects] INFO  o.e.m.c.i.l.LifecycleMappingFactory - Using org.eclipse.m2e.jdt.JarLifecycleMapping lifecycle mapping for MavenProject: bdd:framework:1.0 @ E:\Selenium\BDDFramework_regTest\pom.xml.
2025-11-30 12:08:21,292 [Worker-224: Building Workspace] INFO  o.a.m.s.f.DefaultMavenResourcesFiltering - Copying 0 resource from src\main\resources to target\classes
2025-11-30 12:08:21,301 [Worker-224: Building Workspace] INFO  o.a.m.s.f.DefaultMavenResourcesFiltering - Copying 0 resource from src\test\resources to target\test-classes
2025-11-30 12:08:38,322 [Worker-224: Building Workspace] INFO  o.e.m.c.i.embedder.EclipseLogger - Using 'UTF-8' encoding to copy filtered resources.
2025-11-30 12:08:38,323 [Worker-224: Building Workspace] INFO  o.e.m.c.i.embedder.EclipseLogger - skip non existing resourceDirectory E:\Selenium\FrameworkScratchBatch2\src\main\resources
2025-11-30 12:08:38,336 [Worker-224: Building Workspace] INFO  o.e.m.c.i.embedder.EclipseLogger - Using 'UTF-8' encoding to copy filtered resources.
2025-11-30 12:08:38,337 [Worker-224: Building Workspace] INFO  o.e.m.c.i.embedder.EclipseLogger - skip non existing resourceDirectory E:\Selenium\FrameworkScratchBatch2\src\test\resources
2025-11-30 12:08:48,505 [Worker-224: Building Workspace] WARN  o.a.m.s.f.DefaultMavenResourcesFiltering - Using platform encoding (UTF-8 actually) to copy filtered resources, i.e. build is platform dependent!
2025-11-30 12:08:48,508 [Worker-224: Building Workspace] INFO  o.a.m.s.f.DefaultMavenResourcesFiltering - Copying 0 resource from src\main\resources to target\classes
2025-11-30 12:08:48,519 [Worker-224: Building Workspace] WARN  o.a.m.s.f.DefaultMavenResourcesFiltering - Using platform encoding (UTF-8 actually) to copy filtered resources, i.e. build is platform dependent!
2025-11-30 12:08:48,522 [Worker-224: Building Workspace] INFO  o.a.m.s.f.DefaultMavenResourcesFiltering - Copying 1 resource from src\test\resources to target\test-classes
2025-11-30 12:08:56,940 [Worker-224: Building Workspace] WARN  o.a.m.s.f.DefaultMavenResourcesFiltering - Using platform encoding (UTF-8 actually) to copy filtered resources, i.e. build is platform dependent!
2025-11-30 12:08:56,943 [Worker-224: Building Workspace] INFO  o.a.m.s.f.DefaultMavenResourcesFiltering - Copying 0 resource from src\main\resources to target\classes
2025-11-30 12:08:56,950 [Worker-224: Building Workspace] WARN  o.a.m.s.f.DefaultMavenResourcesFiltering - Using platform encoding (UTF-8 actually) to copy filtered resources, i.e. build is platform dependent!
2025-11-30 12:08:56,952 [Worker-224: Building Workspace] INFO  o.a.m.s.f.DefaultMavenResourcesFiltering - Copying 2 resources from src\test\resources to target\test-classes
2025-11-30 12:08:57,110 [Worker-224: Building Workspace] WARN  o.a.m.s.f.DefaultMavenResourcesFiltering - Using platform encoding (UTF-8 actually) to copy filtered resources, i.e. build is platform dependent!
2025-11-30 12:08:57,113 [Worker-224: Building Workspace] INFO  o.a.m.s.f.DefaultMavenResourcesFiltering - Copying 0 resource from src\main\resources to target\classes
2025-11-30 12:08:57,119 [Worker-224: Building Workspace] WARN  o.a.m.s.f.DefaultMavenResourcesFiltering - Using platform encoding (UTF-8 actually) to copy filtered resources, i.e. build is platform dependent!
2025-11-30 12:08:57,121 [Worker-224: Building Workspace] INFO  o.a.m.s.f.DefaultMavenResourcesFiltering - Copying 0 resource from src\test\resources to target\test-classes
2025-11-30 12:24:45,373 [Worker-243: Updating Maven Project] INFO  o.e.m.c.i.p.ProjectConfigurationManager - Update started
2025-11-30 12:24:45,460 [Worker-243: Updating Maven Project] INFO  o.e.m.c.i.l.LifecycleMappingFactory - Using org.eclipse.m2e.jdt.JarLifecycleMapping lifecycle mapping for MavenProject: bdd:framework:1.0 @ E:\Selenium\BDDFramework_regTest\pom.xml.
2025-11-30 12:24:46,960 [Worker-243: Updating Maven Project] INFO  o.e.m.c.i.e.AbstractTransferListenerAdapter - Downloading https://repo.maven.apache.org/maven2/io/cucumber/cucumber-picocontainer/7.20.1/cucumber-picocontainer-7.20.1.pom
2025-11-30 12:24:46,974 [Worker-243: Updating Maven Project] INFO  o.e.m.c.i.e.AbstractTransferListenerAdapter - Downloaded https://repo.maven.apache.org/maven2/io/cucumber/cucumber-picocontainer/7.20.1/cucumber-picocontainer-7.20.1.pom
2025-11-30 12:24:47,130 [Worker-243: Updating Maven Project] INFO  o.e.m.c.i.e.AbstractTransferListenerAdapter - Downloading https://repo.maven.apache.org/maven2/io/cucumber/cucumber-picocontainer/7.20.1/cucumber-picocontainer-7.20.1.jar
2025-11-30 12:24:47,139 [Worker-243: Updating Maven Project] INFO  o.e.m.c.i.e.AbstractTransferListenerAdapter - Downloaded https://repo.maven.apache.org/maven2/io/cucumber/cucumber-picocontainer/7.20.1/cucumber-picocontainer-7.20.1.jar
2025-11-30 12:24:47,307 [Worker-243: Updating Maven Project] INFO  o.e.m.j.i.AbstractJavaProjectConfigurator - Adding source folder /BDDFramework_regTest/src/main/java
2025-11-30 12:24:47,308 [Worker-243: Updating Maven Project] INFO  o.e.m.j.i.AbstractJavaProjectConfigurator - Adding resource folder /BDDFramework_regTest/src/main/resources
2025-11-30 12:24:47,309 [Worker-243: Updating Maven Project] INFO  o.e.m.j.i.AbstractJavaProjectConfigurator - Adding source folder /BDDFramework_regTest/src/test/java
2025-11-30 12:24:47,309 [Worker-243: Updating Maven Project] INFO  o.e.m.j.i.AbstractJavaProjectConfigurator - Adding resource folder /BDDFramework_regTest/src/test/resources
2025-11-30 12:24:47,446 [Worker-243: Updating Maven Project] INFO  o.e.m.jdt.internal.UnitTestSupport - Reset launch configuration name: TestRunner
2025-11-30 12:24:47,446 [Worker-243: Updating Maven Project] INFO  o.e.m.jdt.internal.UnitTestSupport - Updating TestRunner from maven configuration
2025-11-30 12:24:47,451 [Worker-243: Updating Maven Project] INFO  o.e.m.jdt.internal.UnitTestSupport - Reset launch configuration name: TestRunner (1)
2025-11-30 12:24:47,452 [Worker-243: Updating Maven Project] INFO  o.e.m.jdt.internal.UnitTestSupport - Updating TestRunner (1) from maven configuration
2025-11-30 12:24:47,462 [Worker-243: Updating Maven Project] INFO  o.e.m.jdt.internal.UnitTestSupport - Reset launch configuration name: TestNgRunner
2025-11-30 12:24:47,462 [Worker-243: Updating Maven Project] INFO  o.e.m.jdt.internal.UnitTestSupport - Updating TestNgRunner from maven configuration
2025-11-30 12:24:47,547 [Worker-243: Updating Maven Project] INFO  o.e.m.c.i.p.ProjectConfigurationManager - Update completed for 1 poms: local refresh takes 0.00 sec, refresh facades takes 1.00 sec, update config takes 0.00 sec 
2025-11-30 12:24:48,805 [Worker-246: Download sources and javadoc] INFO  o.e.m.c.i.e.AbstractTransferListenerAdapter - Downloading https://repo.maven.apache.org/maven2/io/cucumber/cucumber-picocontainer/7.20.1/cucumber-picocontainer-7.20.1-sources.jar
2025-11-30 12:24:48,815 [Worker-246: Download sources and javadoc] INFO  o.e.m.c.i.e.AbstractTransferListenerAdapter - Downloaded https://repo.maven.apache.org/maven2/io/cucumber/cucumber-picocontainer/7.20.1/cucumber-picocontainer-7.20.1-sources.jar
2025-11-30 12:24:48,820 [Worker-246: Download sources and javadoc] INFO  o.e.m.j.internal.DownloadSourcesJob - Downloaded sources for io.cucumber:cucumber-picocontainer:7.20.1
2025-11-30 12:25:02,617 [Worker-243: Launching TestRunner (1)] INFO  o.a.m.s.f.DefaultMavenResourcesFiltering - Copying 0 resource from src\main\resources to target\classes
2025-11-30 12:25:02,628 [Worker-243: Launching TestRunner (1)] INFO  o.a.m.s.f.DefaultMavenResourcesFiltering - Copying 0 resource from src\test\resources to target\test-classes
2025-11-30 12:31:52,731 [Worker-247: Updating Maven Project] INFO  o.e.m.c.i.p.ProjectConfigurationManager - Update started
2025-11-30 12:31:52,787 [Worker-247: Updating Maven Project] INFO  o.e.m.c.i.l.LifecycleMappingFactory - Using org.eclipse.m2e.jdt.JarLifecycleMapping lifecycle mapping for MavenProject: bdd:framework:1.0 @ E:\Selenium\BDDFramework_regTest\pom.xml.
2025-11-30 12:31:53,291 [Worker-247: Updating Maven Project] INFO  o.e.m.j.i.AbstractJavaProjectConfigurator - Adding source folder /BDDFramework_regTest/src/main/java
2025-11-30 12:31:53,291 [Worker-247: Updating Maven Project] INFO  o.e.m.j.i.AbstractJavaProjectConfigurator - Adding resource folder /BDDFramework_regTest/src/main/resources
2025-11-30 12:31:53,292 [Worker-247: Updating Maven Project] INFO  o.e.m.j.i.AbstractJavaProjectConfigurator - Adding source folder /BDDFramework_regTest/src/test/java
2025-11-30 12:31:53,292 [Worker-247: Updating Maven Project] INFO  o.e.m.j.i.AbstractJavaProjectConfigurator - Adding resource folder /BDDFramework_regTest/src/test/resources
2025-11-30 12:31:53,398 [Worker-247: Updating Maven Project] INFO  o.e.m.jdt.internal.UnitTestSupport - Reset launch configuration name: TestRunner
2025-11-30 12:31:53,398 [Worker-247: Updating Maven Project] INFO  o.e.m.jdt.internal.UnitTestSupport - Updating TestRunner from maven configuration
2025-11-30 12:31:53,402 [Worker-247: Updating Maven Project] INFO  o.e.m.jdt.internal.UnitTestSupport - Reset launch configuration name: TestRunner (1)
2025-11-30 12:31:53,402 [Worker-247: Updating Maven Project] INFO  o.e.m.jdt.internal.UnitTestSupport - Updating TestRunner (1) from maven configuration
2025-11-30 12:31:53,409 [Worker-247: Updating Maven Project] INFO  o.e.m.jdt.internal.UnitTestSupport - Reset launch configuration name: TestNgRunner
2025-11-30 12:31:53,409 [Worker-247: Updating Maven Project] INFO  o.e.m.jdt.internal.UnitTestSupport - Updating TestNgRunner from maven configuration
2025-11-30 12:31:53,455 [Worker-247: Updating Maven Project] INFO  o.e.m.c.i.p.ProjectConfigurationManager - Update completed for 1 poms: local refresh takes 0.00 sec, refresh facades takes 0.00 sec, update config takes 0.00 sec 
2025-11-30 12:31:58,915 [Worker-250: Launching TestRunner (1)] INFO  o.a.m.s.f.DefaultMavenResourcesFiltering - Copying 0 resource from src\main\resources to target\classes
2025-11-30 12:31:58,921 [Worker-250: Launching TestRunner (1)] INFO  o.a.m.s.f.DefaultMavenResourcesFiltering - Copying 0 resource from src\test\resources to target\test-classes
2025-11-30 12:39:06,201 [Worker-252: Launching TestRunner (1)] INFO  o.a.m.s.f.DefaultMavenResourcesFiltering - Copying 0 resource from src\main\resources to target\classes
2025-11-30 12:39:06,206 [Worker-252: Launching TestRunner (1)] INFO  o.a.m.s.f.DefaultMavenResourcesFiltering - Copying 1 resource from src\test\resources to target\test-classes
2025-11-30 14:17:31,635 [Worker-2: Loading available Gradle versions] INFO  o.e.b.c.i.u.g.PublishedGradleVersions - Gradle version information cache is out-of-date. Trying to update.
2025-11-30 14:24:37,181 [Worker-23: Launching TestRunner (1)] INFO  o.a.m.s.f.DefaultMavenResourcesFiltering - Copying 0 resource from src\main\resources to target\classes
2025-11-30 14:24:37,197 [Worker-23: Launching TestRunner (1)] INFO  o.a.m.s.f.DefaultMavenResourcesFiltering - Copying 1 resource from src\test\resources to target\test-classes
2025-11-30 14:31:02,417 [Worker-23: Launching TestRunner (1)] INFO  o.a.m.s.f.DefaultMavenResourcesFiltering - Copying 0 resource from src\main\resources to target\classes
2025-11-30 14:31:02,424 [Worker-23: Launching TestRunner (1)] INFO  o.a.m.s.f.DefaultMavenResourcesFiltering - Copying 1 resource from src\test\resources to target\test-classes
2025-11-30 14:34:00,149 [Worker-30: Launching TestRunner (1)] INFO  o.a.m.s.f.DefaultMavenResourcesFiltering - Copying 0 resource from src\main\resources to target\classes
2025-11-30 14:34:00,157 [Worker-30: Launching TestRunner (1)] INFO  o.a.m.s.f.DefaultMavenResourcesFiltering - Copying 1 resource from src\test\resources to target\test-classes
2025-11-30 14:34:38,600 [Worker-30: Launching TestRunner (1)] INFO  o.a.m.s.f.DefaultMavenResourcesFiltering - Copying 0 resource from src\main\resources to target\classes
2025-11-30 14:34:38,604 [Worker-30: Launching TestRunner (1)] INFO  o.a.m.s.f.DefaultMavenResourcesFiltering - Copying 1 resource from src\test\resources to target\test-classes
2025-11-30 14:51:58,240 [Worker-41: Launching New_configuration (3)] INFO  o.a.m.s.f.DefaultMavenResourcesFiltering - Copying 0 resource from src\main\resources to target\classes
2025-11-30 14:51:58,245 [Worker-41: Launching New_configuration (3)] INFO  o.a.m.s.f.DefaultMavenResourcesFiltering - Copying 1 resource from src\test\resources to target\test-classes
2025-11-30 15:20:04,340 [Worker-60: Launching TestRunner (1)] INFO  o.a.m.s.f.DefaultMavenResourcesFiltering - Copying 0 resource from src\main\resources to target\classes
2025-11-30 15:20:04,348 [Worker-60: Launching TestRunner (1)] INFO  o.a.m.s.f.DefaultMavenResourcesFiltering - Copying 1 resource from src\test\resources to target\test-classes
2025-11-30 15:22:13,176 [Worker-60: Launching New_configuration (3)] INFO  o.a.m.s.f.DefaultMavenResourcesFiltering - Copying 0 resource from src\main\resources to target\classes
2025-11-30 15:22:13,182 [Worker-60: Launching New_configuration (3)] INFO  o.a.m.s.f.DefaultMavenResourcesFiltering - Copying 1 resource from src\test\resources to target\test-classes
2025-11-30 15:29:19,189 [Worker-68: Launching New_configuration (3)] INFO  o.a.m.s.f.DefaultMavenResourcesFiltering - Copying 0 resource from src\main\resources to target\classes
2025-11-30 15:29:19,195 [Worker-68: Launching New_configuration (3)] INFO  o.a.m.s.f.DefaultMavenResourcesFiltering - Copying 1 resource from src\test\resources to target\test-classes
2025-11-30 15:34:33,626 [Worker-76: Launching New_configuration (3)] INFO  o.a.m.s.f.DefaultMavenResourcesFiltering - Copying 0 resource from src\main\resources to target\classes
2025-11-30 15:34:33,631 [Worker-76: Launching New_configuration (3)] INFO  o.a.m.s.f.DefaultMavenResourcesFiltering - Copying 1 resource from src\test\resources to target\test-classes
2025-11-30 15:38:58,757 [Worker-76: Launching New_configuration (3)] INFO  o.a.m.s.f.DefaultMavenResourcesFiltering - Copying 0 resource from src\main\resources to target\classes
2025-11-30 15:38:58,762 [Worker-76: Launching New_configuration (3)] INFO  o.a.m.s.f.DefaultMavenResourcesFiltering - Copying 1 resource from src\test\resources to target\test-classes
2025-11-30 16:05:50,470 [Worker-6: Loading available Gradle versions] INFO  o.e.b.c.i.u.g.PublishedGradleVersions - Gradle version information cache is up-to-date. Trying to read.
2025-11-30 16:09:51,254 [Worker-11: Launching New_configuration (3)] INFO  o.a.m.s.f.DefaultMavenResourcesFiltering - Copying 0 resource from src\main\resources to target\classes
2025-11-30 16:09:51,260 [Worker-11: Launching New_configuration (3)] INFO  o.a.m.s.f.DefaultMavenResourcesFiltering - Copying 1 resource from src\test\resources to target\test-classes
2025-11-30 16:12:52,123 [Worker-26: Launching New_configuration (3)] INFO  o.a.m.s.f.DefaultMavenResourcesFiltering - Copying 0 resource from src\main\resources to target\classes
2025-11-30 16:12:52,128 [Worker-26: Launching New_configuration (3)] INFO  o.a.m.s.f.DefaultMavenResourcesFiltering - Copying 1 resource from src\test\resources to target\test-classes
2025-11-30 16:14:07,115 [Worker-29: Launching New_configuration (3)] INFO  o.a.m.s.f.DefaultMavenResourcesFiltering - Copying 0 resource from src\main\resources to target\classes
2025-11-30 16:14:07,120 [Worker-29: Launching New_configuration (3)] INFO  o.a.m.s.f.DefaultMavenResourcesFiltering - Copying 1 resource from src\test\resources to target\test-classes
2025-11-30 16:15:46,210 [Worker-31: Launching New_configuration (3)] INFO  o.a.m.s.f.DefaultMavenResourcesFiltering - Copying 0 resource from src\main\resources to target\classes
2025-11-30 16:15:46,213 [Worker-31: Launching New_configuration (3)] INFO  o.a.m.s.f.DefaultMavenResourcesFiltering - Copying 1 resource from src\test\resources to target\test-classes
2025-11-30 16:27:22,935 [Worker-34: Launching New_configuration (3)] INFO  o.a.m.s.f.DefaultMavenResourcesFiltering - Copying 0 resource from src\main\resources to target\classes
2025-11-30 16:27:22,938 [Worker-34: Launching New_configuration (3)] INFO  o.a.m.s.f.DefaultMavenResourcesFiltering - Copying 1 resource from src\test\resources to target\test-classes
2025-11-30 16:40:44,811 [Worker-46: Launching New_configuration (3)] INFO  o.a.m.s.f.DefaultMavenResourcesFiltering - Copying 0 resource from src\main\resources to target\classes
2025-11-30 16:40:44,813 [Worker-46: Launching New_configuration (3)] INFO  o.a.m.s.f.DefaultMavenResourcesFiltering - Copying 1 resource from src\test\resources to target\test-classes
2025-11-30 16:52:15,909 [Worker-52: Launching New_configuration (3)] INFO  o.a.m.s.f.DefaultMavenResourcesFiltering - Copying 0 resource from src\main\resources to target\classes
2025-11-30 16:52:15,912 [Worker-52: Launching New_configuration (3)] INFO  o.a.m.s.f.DefaultMavenResourcesFiltering - Copying 1 resource from src\test\resources to target\test-classes
2025-11-30 17:07:33,664 [Worker-57: Launching New_configuration (3)] INFO  o.a.m.s.f.DefaultMavenResourcesFiltering - Copying 0 resource from src\main\resources to target\classes
2025-11-30 17:07:33,668 [Worker-57: Launching New_configuration (3)] INFO  o.a.m.s.f.DefaultMavenResourcesFiltering - Copying 1 resource from src\test\resources to target\test-classes
2025-11-30 17:09:20,015 [Worker-59: Launching New_configuration (3)] INFO  o.a.m.s.f.DefaultMavenResourcesFiltering - Copying 0 resource from src\main\resources to target\classes
2025-11-30 17:09:20,018 [Worker-59: Launching New_configuration (3)] INFO  o.a.m.s.f.DefaultMavenResourcesFiltering - Copying 1 resource from src\test\resources to target\test-classes
2025-11-30 19:21:58,444 [Worker-74: Launching TestRunner (1)] INFO  o.a.m.s.f.DefaultMavenResourcesFiltering - Copying 0 resource from src\main\resources to target\classes
2025-11-30 19:21:58,450 [Worker-74: Launching TestRunner (1)] INFO  o.a.m.s.f.DefaultMavenResourcesFiltering - Copying 1 resource from src\test\resources to target\test-classes
2025-11-30 19:32:39,041 [Worker-82: Launching TestRunner (1)] INFO  o.a.m.s.f.DefaultMavenResourcesFiltering - Copying 0 resource from src\main\resources to target\classes
2025-11-30 19:32:39,047 [Worker-82: Launching TestRunner (1)] INFO  o.a.m.s.f.DefaultMavenResourcesFiltering - Copying 1 resource from src\test\resources to target\test-classes
2025-11-30 19:47:40,332 [Worker-87: Launching TestRunner (1)] INFO  o.a.m.s.f.DefaultMavenResourcesFiltering - Copying 0 resource from src\main\resources to target\classes
2025-11-30 19:47:40,338 [Worker-87: Launching TestRunner (1)] INFO  o.a.m.s.f.DefaultMavenResourcesFiltering - Copying 1 resource from src\test\resources to target\test-classes
2025-11-30 19:53:56,678 [Worker-92: Launching TestRunner (1)] INFO  o.a.m.s.f.DefaultMavenResourcesFiltering - Copying 0 resource from src\main\resources to target\classes
2025-11-30 19:53:56,683 [Worker-92: Launching TestRunner (1)] INFO  o.a.m.s.f.DefaultMavenResourcesFiltering - Copying 1 resource from src\test\resources to target\test-classes
2025-11-30 20:01:33,908 [Worker-102: Launching TestRunner (1)] INFO  o.a.m.s.f.DefaultMavenResourcesFiltering - Copying 0 resource from src\main\resources to target\classes
2025-11-30 20:01:33,914 [Worker-102: Launching TestRunner (1)] INFO  o.a.m.s.f.DefaultMavenResourcesFiltering - Copying 1 resource from src\test\resources to target\test-classes
2025-11-30 20:08:44,766 [Worker-106: Launching TestRunner (1)] INFO  o.a.m.s.f.DefaultMavenResourcesFiltering - Copying 0 resource from src\main\resources to target\classes
2025-11-30 20:08:44,771 [Worker-106: Launching TestRunner (1)] INFO  o.a.m.s.f.DefaultMavenResourcesFiltering - Copying 1 resource from src\test\resources to target\test-classes
2025-11-30 23:43:50,303 [Worker-138: Updating Maven Project] INFO  o.e.m.c.i.p.ProjectConfigurationManager - Update started
2025-11-30 23:43:51,462 [Worker-138: Updating Maven Project] INFO  o.e.m.c.i.l.LifecycleMappingFactory - Using org.eclipse.m2e.jdt.JarLifecycleMapping lifecycle mapping for MavenProject: Enhgroup:CucumberBDD:0.0.1-SNAPSHOT @ E:\Selenium\FreshonTable_V001\pom.xml.
2025-11-30 23:43:53,064 [Worker-138: Updating Maven Project] INFO  o.e.m.j.i.AbstractJavaProjectConfigurator - Adding source folder /FreshonTable_V001/src/main/java
2025-11-30 23:43:53,067 [Worker-138: Updating Maven Project] INFO  o.e.m.j.i.AbstractJavaProjectConfigurator - Adding resource folder /FreshonTable_V001/src/main/resources
2025-11-30 23:43:53,068 [Worker-138: Updating Maven Project] INFO  o.e.m.j.i.AbstractJavaProjectConfigurator - Adding source folder /FreshonTable_V001/src/test/java
2025-11-30 23:43:53,069 [Worker-138: Updating Maven Project] INFO  o.e.m.j.i.AbstractJavaProjectConfigurator - Adding resource folder /FreshonTable_V001/src/test/resources
2025-11-30 23:43:53,387 [Worker-138: Updating Maven Project] INFO  o.e.m.c.i.p.ProjectConfigurationManager - Update completed for 1 poms: local refresh takes 0.00 sec, refresh facades takes 2.00 sec, update config takes 0.00 sec 
